2025-01-05 23:36:16 error : Unable to connect to the database or sync: Access denied for user 'root'@'localhost' (using password: YES)
2025-01-06 22:37:25 error : Unable to connect to the database or sync: You have an error in your SQL syntax; check the manual that corresponds to your MySQL server version for the right syntax to use near 'NUMBER NOT NULL, `createdAt` DATETIME NOT NULL, `updatedAt` DATETIME NOT NULL, P' at line 1
2025-01-06 22:38:03 error : Unable to connect to the database or sync: You have an error in your SQL syntax; check the manual that corresponds to your MySQL server version for the right syntax to use near 'NUMBER NOT NULL, `createdAt` DATETIME NOT NULL, `updatedAt` DATETIME NOT NULL, P' at line 1
2025-01-06 22:38:19 error : Unable to connect to the database or sync: You have an error in your SQL syntax; check the manual that corresponds to your MySQL server version for the right syntax to use near 'NUMBER NOT NULL, `createdAt` DATETIME NOT NULL, `updatedAt` DATETIME NOT NULL, P' at line 1
2025-01-06 22:39:01 error : Unable to connect to the database or sync: You have an error in your SQL syntax; check the manual that corresponds to your MySQL server version for the right syntax to use near 'NUMBER NOT NULL, `createdAt` DATETIME NOT NULL, `updatedAt` DATETIME NOT NULL, P' at line 1
2025-01-06 23:18:48 error : Unable to connect to the database or sync: You have an error in your SQL syntax; check the manual that corresponds to your MySQL server version for the right syntax to use near 'NUMBER NOT NULL, `createdAt` DATETIME NOT NULL, `updatedAt` DATETIME NOT NULL, P' at line 1
2025-01-06 23:19:12 error : Unable to connect to the database or sync: You have an error in your SQL syntax; check the manual that corresponds to your MySQL server version for the right syntax to use near 'NUMBER NOT NULL, `createdAt` DATETIME NOT NULL, `updatedAt` DATETIME NOT NULL, P' at line 1
2025-01-06 23:20:21 error : Unable to connect to the database or sync: You have an error in your SQL syntax; check the manual that corresponds to your MySQL server version for the right syntax to use near 'NUMBER NOT NULL, `createdAt` DATETIME NOT NULL, `updatedAt` DATETIME NOT NULL, P' at line 1
2025-01-06 23:23:34 error : Unable to connect to the database or sync: You have an error in your SQL syntax; check the manual that corresponds to your MySQL server version for the right syntax to use near 'NUMBER NOT NULL, `createdAt` DATETIME NOT NULL, `updatedAt` DATETIME NOT NULL, P' at line 1
2025-01-06 23:26:36 error : Unable to connect to the database or sync: You have an error in your SQL syntax; check the manual that corresponds to your MySQL server version for the right syntax to use near 'NUMBER NOT NULL, `createdAt` DATETIME NOT NULL, `updatedAt` DATETIME NOT NULL, P' at line 1
2025-01-06 23:28:19 error : Unable to connect to the database or sync: You have an error in your SQL syntax; check the manual that corresponds to your MySQL server version for the right syntax to use near 'NUMBER NOT NULL, `createdAt` DATETIME NOT NULL, `updatedAt` DATETIME NOT NULL, P' at line 1
2025-01-06 23:28:42 error : Unable to connect to the database or sync: You have an error in your SQL syntax; check the manual that corresponds to your MySQL server version for the right syntax to use near 'NUMBER NOT NULL, `createdAt` DATETIME NOT NULL, `updatedAt` DATETIME NOT NULL, P' at line 1
2025-01-07 01:23:37 error : Unknown column 'NaN' in 'where clause'
2025-01-07 01:23:56 error : Unknown column 'NaN' in 'where clause'
2025-01-07 01:25:06 error : Unknown column 'NaN' in 'where clause'
2025-01-07 01:26:12 error : Unknown column 'NaN' in 'where clause'
2025-01-07 01:27:45 error : Unknown column 'NaN' in 'where clause'
2025-01-07 01:29:26 error : Unknown column 'NaN' in 'where clause'
2025-01-07 01:30:23 error : Unknown column 'NaN' in 'where clause'
2025-01-07 01:32:19 error : Unknown column 'NaN' in 'where clause'
2025-01-07 01:33:30 error : Unknown column 'NaN' in 'where clause'
2025-01-07 01:33:32 error : Unknown column 'NaN' in 'where clause'
2025-01-07 01:36:21 error : Unknown column 'NaN' in 'where clause'
2025-01-07 01:37:15 error : Unknown column 'NaN' in 'where clause'
2025-01-07 01:37:54 error : Unknown column 'NaN' in 'where clause'
2025-01-07 01:38:02 error : Unknown column 'NaN' in 'where clause'
2025-01-07 01:38:06 error : Unknown column 'NaN' in 'where clause'
2025-01-07 01:38:07 error : Unknown column 'NaN' in 'where clause'
2025-01-07 01:38:56 error : Unknown column 'NaN' in 'where clause'
2025-01-07 01:39:57 error : Unknown column 'NaN' in 'where clause'
2025-01-07 01:39:59 error : Unknown column 'NaN' in 'where clause'
2025-01-07 01:40:01 error : Unknown column 'NaN' in 'where clause'
2025-01-07 01:41:06 error : Unknown column 'NaN' in 'where clause'
2025-01-07 01:41:14 error : Unknown column 'NaN' in 'where clause'
2025-01-07 01:42:33 error : Unknown column 'NaN' in 'where clause'
2025-01-07 01:42:39 error : Unknown column 'NaN' in 'where clause'
2025-01-07 01:42:44 error : Unknown column 'NaN' in 'where clause'
2025-01-07 01:43:30 error : Unknown column 'NaN' in 'where clause'
2025-01-07 01:46:04 error : Unknown column 'NaN' in 'where clause'
2025-01-07 01:48:55 error : Unknown column 'NaN' in 'where clause'
2025-01-07 01:49:05 error : Unknown column 'NaN' in 'where clause'
2025-01-07 01:50:00 error : Unknown column 'NaN' in 'where clause'
2025-01-07 01:55:07 error : Unknown column 'NaN' in 'where clause'
2025-01-07 01:55:11 error : Unknown column 'NaN' in 'where clause'
2025-01-07 01:56:53 error : Unknown column 'NaN' in 'where clause'
2025-01-07 13:01:24 error : Unknown column 'NaN' in 'where clause'
2025-01-07 13:01:24 error : Unknown column 'NaN' in 'where clause'
2025-01-07 13:02:31 error : Unknown column 'NaN' in 'where clause'
2025-01-07 13:02:31 error : Unknown column 'NaN' in 'where clause'
2025-01-07 13:04:09 error : Unknown column 'NaN' in 'where clause'
2025-01-07 13:04:09 error : Unknown column 'NaN' in 'where clause'
2025-01-07 13:04:33 error : Unknown column 'NaN' in 'where clause'
2025-01-07 13:04:33 error : Unknown column 'NaN' in 'where clause'
2025-01-07 13:04:50 error : Unknown column 'NaN' in 'where clause'
2025-01-07 13:04:50 error : Unknown column 'NaN' in 'where clause'
2025-01-07 13:05:46 error : Unknown column 'NaN' in 'where clause'
2025-01-07 13:05:46 error : Unknown column 'NaN' in 'where clause'
2025-01-07 13:10:37 error : Unknown column 'NaN' in 'where clause'
2025-01-07 13:10:37 error : Unknown column 'NaN' in 'where clause'
2025-01-07 13:10:37 error : Unknown column 'NaN' in 'where clause'
2025-01-07 13:10:37 error : Unknown column 'NaN' in 'where clause'
2025-01-07 13:14:10 error : Unknown column 'NaN' in 'where clause'
2025-01-07 13:14:10 error : Unknown column 'NaN' in 'where clause'
2025-01-07 13:14:10 error : Unknown column 'NaN' in 'where clause'
2025-01-07 13:14:10 error : Unknown column 'NaN' in 'where clause'
2025-01-07 13:16:32 error : Unknown column 'NaN' in 'where clause'
2025-01-07 13:16:32 error : Unknown column 'NaN' in 'where clause'
2025-01-07 13:16:32 error : Unknown column 'NaN' in 'where clause'
2025-01-07 13:16:32 error : Unknown column 'NaN' in 'where clause'
2025-01-07 13:16:32 error : Unknown column 'NaN' in 'where clause'
2025-01-07 13:16:32 error : Unknown column 'NaN' in 'where clause'
2025-01-07 13:16:32 error : Unknown column 'NaN' in 'where clause'
2025-01-07 13:16:32 error : Unknown column 'NaN' in 'where clause'
2025-01-07 13:16:33 error : Unknown column 'NaN' in 'where clause'
2025-01-07 13:16:33 error : Unknown column 'NaN' in 'where clause'
2025-01-07 13:16:33 error : Unknown column 'NaN' in 'where clause'
2025-01-07 13:16:33 error : Unknown column 'NaN' in 'where clause'
2025-01-07 13:18:19 error : Unknown column 'NaN' in 'where clause'
2025-01-07 13:18:19 error : Unknown column 'NaN' in 'where clause'
2025-01-07 13:18:20 error : Unknown column 'NaN' in 'where clause'
2025-01-07 13:18:22 error : Unknown column 'NaN' in 'where clause'
2025-01-07 13:18:22 error : Unknown column 'NaN' in 'where clause'
2025-01-07 13:18:22 error : Unknown column 'NaN' in 'where clause'
2025-01-07 13:18:36 error : Unknown column 'NaN' in 'where clause'
2025-01-07 13:18:36 error : Unknown column 'NaN' in 'where clause'
2025-01-07 13:18:36 error : Unknown column 'NaN' in 'where clause'
2025-01-07 13:22:31 error : Unknown column 'NaN' in 'where clause'
2025-01-07 13:22:31 error : Unknown column 'NaN' in 'where clause'
2025-01-07 13:22:51 error : Unknown column 'NaN' in 'where clause'
2025-01-07 13:22:51 error : Unknown column 'NaN' in 'where clause'
2025-01-07 13:22:52 error : Unknown column 'NaN' in 'where clause'
2025-01-07 13:22:52 error : Unknown column 'NaN' in 'where clause'
2025-01-07 13:23:06 error : Unknown column 'NaN' in 'where clause'
2025-01-07 13:23:06 error : Unknown column 'NaN' in 'where clause'
2025-01-07 13:23:06 error : Unknown column 'NaN' in 'where clause'
2025-01-07 13:23:06 error : Unknown column 'NaN' in 'where clause'
2025-01-07 13:23:06 error : Unknown column 'NaN' in 'where clause'
2025-01-07 13:23:06 error : Unknown column 'NaN' in 'where clause'
2025-01-07 13:23:24 error : Unknown column 'NaN' in 'where clause'
2025-01-07 13:23:24 error : Unknown column 'NaN' in 'where clause'
2025-01-07 13:23:24 error : Unknown column 'NaN' in 'where clause'
2025-01-07 13:23:37 error : Unknown column 'NaN' in 'where clause'
2025-01-07 13:23:37 error : Unknown column 'NaN' in 'where clause'
2025-01-07 13:23:37 error : Unknown column 'NaN' in 'where clause'
2025-01-07 13:23:59 error : Unknown column 'NaN' in 'where clause'
2025-01-07 13:23:59 error : Unknown column 'NaN' in 'where clause'
2025-01-07 13:23:59 error : Unknown column 'NaN' in 'where clause'
2025-01-07 13:24:00 error : Unknown column 'NaN' in 'where clause'
2025-01-07 13:24:00 error : Unknown column 'NaN' in 'where clause'
2025-01-07 13:24:00 error : Unknown column 'NaN' in 'where clause'
2025-01-07 13:24:09 error : Unknown column 'NaN' in 'where clause'
2025-01-07 13:24:09 error : Unknown column 'NaN' in 'where clause'
2025-01-07 13:24:10 error : Unknown column 'NaN' in 'where clause'
2025-01-07 13:24:10 error : Unknown column 'NaN' in 'where clause'
2025-01-07 13:24:20 error : Unknown column 'NaN' in 'where clause'
2025-01-07 13:24:20 error : Unknown column 'NaN' in 'where clause'
2025-01-07 13:24:20 error : Unknown column 'NaN' in 'where clause'
2025-01-07 13:24:20 error : Unknown column 'NaN' in 'where clause'
2025-01-07 14:10:35 error : notNull Violation: movie.title cannot be null,
notNull Violation: movie.description cannot be null,
notNull Violation: movie.image cannot be null
2025-01-07 14:20:57 error : Unknown column 'NaN' in 'where clause'
2025-01-07 14:22:13 error : Movie not found or you do not have permission to delete it
2025-01-07 14:22:19 error : Movie not found or you do not have permission to delete it
2025-01-07 14:22:41 error : Movie not found or you do not have permission to delete it
2025-01-07 15:34:44 error : Unknown column 'NaN' in 'where clause'
